# JRE version: Java(TM) SE Runtime Environment (15.0.1+9) (build 15.0.1+9-18)
# Java VM: Java HotSpot(TM) 64-Bit Server VM (15.0.1+9-18, mixed mode, sharing, tiered, compressed oops, g1 gc, bsd-amd64)
GC Precious Log:
 CPUs: 4 total, 4 available
 Memory: 32768M
 Large Page Support: Disabled
 NUMA Support: Disabled
 Compressed Oops: Enabled (Zero based)
 Heap Region Size: 1M
 Heap Min Capacity: 8M
 Heap Initial Capacity: 512M
 Heap Max Capacity: 512M
 Pre-touch: Disabled
 Parallel Workers: 4
 Concurrent Workers: 1
 Concurrent Refinement Workers: 4
 Periodic GC: Disabled
Heap:
 garbage-first heap   total 524288K, used 247570K [0x00000007e0000000, 0x0000000800000000)
  region size 1024K, 198 young (202752K), 10 survivors (10240K)
 Metaspace       used 7571K, capacity 8052K, committed 8320K, reserved 1056768K
  class space    used 747K, capacity 788K, committed 896K, reserved 1048576K
GC Heap History (20 events):
Event: 320.647 GC heap before
{Heap before GC invocations=40 (full 0):
 garbage-first heap   total 524288K, used 360397K [0x00000007e0000000, 0x0000000800000000)
  region size 1024K, 307 young (314368K), 19 survivors (19456K)
 Metaspace       used 7535K, capacity 8052K, committed 8320K, reserved 1056768K
  class space    used 747K, capacity 788K, committed 896K, reserved 1048576K
}
Event: 320.648 GC heap after
{Heap after GC invocations=41 (full 0):
 garbage-first heap   total 524288K, used 63630K [0x00000007e0000000, 0x0000000800000000)
  region size 1024K, 16 young (16384K), 16 survivors (16384K)
 Metaspace       used 7535K, capacity 8052K, committed 8320K, reserved 1056768K
  class space    used 747K, capacity 788K, committed 896K, reserved 1048576K
}
Event: 323.368 GC heap before
{Heap before GC invocations=41 (full 0):
 garbage-first heap   total 524288K, used 360590K [0x00000007e0000000, 0x0000000800000000)
  region size 1024K, 307 young (314368K), 16 survivors (16384K)
 Metaspace       used 7535K, capacity 8052K, committed 8320K, reserved 1056768K
  class space    used 747K, capacity 788K, committed 896K, reserved 1048576K
}
Event: 323.370 GC heap after
{Heap after GC invocations=42 (full 0):
 garbage-first heap   total 524288K, used 65298K [0x00000007e0000000, 0x0000000800000000)
  region size 1024K, 18 young (18432K), 18 survivors (18432K)
 Metaspace       used 7535K, capacity 8052K, committed 8320K, reserved 1056768K
  class space    used 747K, capacity 788K, committed 896K, reserved 1048576K
}
Event: 326.089 GC heap before
{Heap before GC invocations=42 (full 0):
 garbage-first heap   total 524288K, used 360210K [0x00000007e0000000, 0x0000000800000000)
  region size 1024K, 307 young (314368K), 18 survivors (18432K)
 Metaspace       used 7544K, capacity 8052K, committed 8320K, reserved 1056768K
  class space    used 747K, capacity 788K, committed 896K, reserved 1048576K
}
Event: 326.091 GC heap after
{Heap after GC invocations=43 (full 0):
 garbage-first heap   total 524288K, used 60366K [0x00000007e0000000, 0x0000000800000000)
  region size 1024K, 13 young (13312K), 13 survivors (13312K)
 Metaspace       used 7544K, capacity 8052K, committed 8320K, reserved 1056768K
  class space    used 747K, capacity 788K, committed 896K, reserved 1048576K
}
Event: 328.809 GC heap before
{Heap before GC invocations=43 (full 0):
 garbage-first heap   total 524288K, used 360398K [0x00000007e0000000, 0x0000000800000000)
  region size 1024K, 307 young (314368K), 13 survivors (13312K)
 Metaspace       used 7544K, capacity 8052K, committed 8320K, reserved 1056768K
  class space    used 747K, capacity 788K, committed 896K, reserved 1048576K
}
Event: 328.811 GC heap after
{Heap after GC invocations=44 (full 0):
 garbage-first heap   total 524288K, used 61840K [0x00000007e0000000, 0x0000000800000000)
  region size 1024K, 15 young (15360K), 15 survivors (15360K)
 Metaspace       used 7544K, capacity 8052K, committed 8320K, reserved 1056768K
  class space    used 747K, capacity 788K, committed 896K, reserved 1048576K
}
Event: 365.991 GC heap before
{Heap before GC invocations=44 (full 0):
 garbage-first heap   total 524288K, used 359824K [0x00000007e0000000, 0x0000000800000000)
  region size 1024K, 307 young (314368K), 15 survivors (15360K)
 Metaspace       used 7549K, capacity 8052K, committed 8320K, reserved 1056768K
  class space    used 747K, capacity 788K, committed 896K, reserved 1048576K
}
Event: 365.993 GC heap after
{Heap after GC invocations=45 (full 0):
 garbage-first heap   total 524288K, used 55418K [0x00000007e0000000, 0x0000000800000000)
  region size 1024K, 8 young (8192K), 8 survivors (8192K)
 Metaspace       used 7549K, capacity 8052K, committed 8320K, reserved 1056768K
  class space    used 747K, capacity 788K, committed 896K, reserved 1048576K
}
Event: 368.765 GC heap before
{Heap before GC invocations=45 (full 0):
 garbage-first heap   total 524288K, used 360570K [0x00000007e0000000, 0x0000000800000000)
  region size 1024K, 307 young (314368K), 8 survivors (8192K)
 Metaspace       used 7549K, capacity 8052K, committed 8320K, reserved 1056768K
  class space    used 747K, capacity 788K, committed 896K, reserved 1048576K
}
Event: 368.766 GC heap after
{Heap after GC invocations=46 (full 0):
 garbage-first heap   total 524288K, used 48718K [0x00000007e0000000, 0x0000000800000000)
  region size 1024K, 2 young (2048K), 2 survivors (2048K)
 Metaspace       used 7549K, capacity 8052K, committed 8320K, reserved 1056768K
  class space    used 747K, capacity 788K, committed 896K, reserved 1048576K
}
Event: 371.124 GC heap before
{Heap before GC invocations=46 (full 0):
 garbage-first heap   total 524288K, used 360014K [0x00000007e0000000, 0x0000000800000000)
  region size 1024K, 307 young (314368K), 2 survivors (2048K)
 Metaspace       used 7549K, capacity 8052K, committed 8320K, reserved 1056768K
  class space    used 747K, capacity 788K, committed 896K, reserved 1048576K
}
Event: 371.127 GC heap after
{Heap after GC invocations=47 (full 0):
 garbage-first heap   total 524288K, used 65680K [0x00000007e0000000, 0x0000000800000000)
  region size 1024K, 18 young (18432K), 18 survivors (18432K)
 Metaspace       used 7549K, capacity 8052K, committed 8320K, reserved 1056768K
  class space    used 747K, capacity 788K, committed 896K, reserved 1048576K
}
Event: 373.849 GC heap before
{Heap before GC invocations=47 (full 0):
 garbage-first heap   total 524288K, used 360592K [0x00000007e0000000, 0x0000000800000000)
  region size 1024K, 307 young (314368K), 18 survivors (18432K)
 Metaspace       used 7549K, capacity 8052K, committed 8320K, reserved 1056768K
  class space    used 747K, capacity 788K, committed 896K, reserved 1048576K
}
Event: 373.850 GC heap after
{Heap after GC invocations=48 (full 0):
 garbage-first heap   total 524288K, used 56466K [0x00000007e0000000, 0x0000000800000000)
  region size 1024K, 9 young (9216K), 9 survivors (9216K)
 Metaspace       used 7549K, capacity 8052K, committed 8320K, reserved 1056768K
  class space    used 747K, capacity 788K, committed 896K, reserved 1048576K
}
Event: 376.578 GC heap before
{Heap before GC invocations=48 (full 0):
 garbage-first heap   total 524288K, used 360594K [0x00000007e0000000, 0x0000000800000000)
  region size 1024K, 307 young (314368K), 9 survivors (9216K)
 Metaspace       used 7549K, capacity 8052K, committed 8320K, reserved 1056768K
  class space    used 747K, capacity 788K, committed 896K, reserved 1048576K
}
Event: 376.580 GC heap after
{Heap after GC invocations=49 (full 0):
 garbage-first heap   total 524288K, used 67538K [0x00000007e0000000, 0x0000000800000000)
  region size 1024K, 20 young (20480K), 20 survivors (20480K)
 Metaspace       used 7549K, capacity 8052K, committed 8320K, reserved 1056768K
  class space    used 747K, capacity 788K, committed 896K, reserved 1048576K
}
Event: 379.298 GC heap before
{Heap before GC invocations=49 (full 0):
 garbage-first heap   total 524288K, used 360402K [0x00000007e0000000, 0x0000000800000000)
  region size 1024K, 307 young (314368K), 20 survivors (20480K)
 Metaspace       used 7557K, capacity 8052K, committed 8320K, reserved 1056768K
  class space    used 747K, capacity 788K, committed 896K, reserved 1048576K
}
Event: 379.299 GC heap after
{Heap after GC invocations=50 (full 0):
 garbage-first heap   total 524288K, used 57106K [0x00000007e0000000, 0x0000000800000000)
  region size 1024K, 10 young (10240K), 10 survivors (10240K)
 Metaspace       used 7557K, capacity 8052K, committed 8320K, reserved 1056768K
  class space    used 747K, capacity 788K, committed 896K, reserved 1048576K
}

